<?xml version="1.0" encoding="UTF-8"?>
<!-- Generated by org.testng.reporters.JUnitReportReporter -->
<testsuite hostname="DESKTOP-HGQ5VS7" failures="0" tests="1" name="runner.TestNGRunner" time="19.862" errors="0" timestamp="2024-01-19T21:07:58 IST" skipped="0">
  <testcase classname="runner.TestNGRunner" name="runScenario" time="19.862"/>
</testsuite> <!-- runner.TestNGRunner -->
